2025-07-02 14:03:28,249 - YOLO_DEFAULT - INFO : 日志记录器已初始化，日志文件保存在: general/general_20250702-140328.log
2025-07-02 14:03:28,249 - YOLO_DEFAULT - INFO : 日志记录器名称: YOLO_DEFAULT
2025-07-02 14:03:28,249 - YOLO_DEFAULT - INFO : 日志记录器最低记录级别: 20
2025-07-02 14:03:28,249 - YOLO_DEFAULT - INFO : ====================日志记录器初始化完成====================
2025-07-02 14:03:28,249 - YOLO_DEFAULT - INFO : 开始将Pascal VOC XML文件从 '/home/niuoruo/workspace/yolo/YOLO/yolo_server/data/raw/original_annotations' 转换为Yolo格式文件 '/home/niuoruo/workspace/yolo/YOLO/yolo_server/data/raw/yolo_staged_labels'
2025-07-02 14:03:28,251 - YOLO_DEFAULT - INFO : Pascal VOC转换模式为：手动模式，已指定目标类别为: ['head', 'ordinary_clothes']
2025-07-02 14:03:28,252 - YOLO_DEFAULT - WARNING : XML文件 'hard_hat_workers451.xml' 未生成有效的Yolo标签，可能为无类别目标或解析失败
2025-07-02 14:03:28,252 - YOLO_DEFAULT - WARNING : XML文件 'pos_1360.xml' 未生成有效的Yolo标签，可能为无类别目标或解析失败
2025-07-02 14:03:28,253 - YOLO_DEFAULT - WARNING : XML文件 'hard_hat_workers924.xml' 未生成有效的Yolo标签，可能为无类别目标或解析失败
2025-07-02 14:03:28,255 - YOLO_DEFAULT - WARNING : XML文件 'helemt_vest_1294.xml' 未生成有效的Yolo标签，可能为无类别目标或解析失败
2025-07-02 14:03:28,255 - YOLO_DEFAULT - WARNING : XML文件 'src_http___ss2.meipian.me_users_10291623_77902950bbd24ca8a7e41aad50dc9bd7.jpg_meipian-raw_bucket_ivwen_key_dXNlcnMvMTAyOTE2MjMvNzc5MDI5NTBiYmQyNGNhOGE3ZTQxYWFkNTBkYzliZDcuanBn_sign_f92a3f8.xml' 未生成有效的Yolo标签，可能为无类别目标或解析失败
2025-07-02 14:03:28,256 - YOLO_DEFAULT - WARNING : XML文件 '4c731b7a-be03-4162-8d1c-6839a26848a6.xml' 未生成有效的Yolo标签，可能为无类别目标或解析失败
2025-07-02 14:03:28,258 - YOLO_DEFAULT - WARNING : XML文件 'helemt_vest_2833.xml' 未生成有效的Yolo标签，可能为无类别目标或解析失败
2025-07-02 14:03:28,258 - YOLO_DEFAULT - WARNING : XML文件 '0fc2ef1b-4329-430d-bfdf-f0935522cee5.xml' 未生成有效的Yolo标签，可能为无类别目标或解析失败
2025-07-02 14:03:28,259 - YOLO_DEFAULT - WARNING : XML文件 'hard_hat_workers657.xml' 未生成有效的Yolo标签，可能为无类别目标或解析失败
2025-07-02 14:03:28,260 - YOLO_DEFAULT - WARNING : XML文件 'hard_hat_workers4746.xml' 未生成有效的Yolo标签，可能为无类别目标或解析失败
2025-07-02 14:03:28,260 - YOLO_DEFAULT - WARNING : XML文件 'hard_hat_workers1022.xml' 未生成有效的Yolo标签，可能为无类别目标或解析失败
2025-07-02 14:03:28,262 - YOLO_DEFAULT - WARNING : XML文件 'helemt_vest_1153.xml' 未生成有效的Yolo标签，可能为无类别目标或解析失败
2025-07-02 14:03:28,263 - YOLO_DEFAULT - WARNING : XML文件 '000370.xml' 未生成有效的Yolo标签，可能为无类别目标或解析失败
2025-07-02 14:03:28,263 - YOLO_DEFAULT - WARNING : XML文件 'src_http___cbu01.alicdn.com_img_ibank_2020_453_224_13561422354_739927298.jpg&refer_http___cbu01.alicdn.xml' 未生成有效的Yolo标签，可能为无类别目标或解析失败
2025-07-02 14:03:28,263 - YOLO_DEFAULT - WARNING : XML文件 'helemt_vest_2674.xml' 未生成有效的Yolo标签，可能为无类别目标或解析失败
2025-07-02 14:03:28,264 - YOLO_DEFAULT - WARNING : XML文件 'pos_1355.xml' 未生成有效的Yolo标签，可能为无类别目标或解析失败
2025-07-02 14:03:28,265 - YOLO_DEFAULT - WARNING : XML文件 'src_http___ss2.meipian.me_users_67153552_52c24130-ecf0-11ea-85fd-0bd3114f8b92.jpg_meipian-raw_bucket_ivwen_key_dXNlcnMvNjcxNTM1NTIvNTJjMjQxMzAtZWNmMC0xMWVhLTg1ZmQtMGJkMzExNGY4YjkyLmpwZw___.xml' 未生成有效的Yolo标签，可能为无类别目标或解析失败
2025-07-02 14:03:28,265 - YOLO_DEFAULT - WARNING : XML文件 'helemt_vest_2467.xml' 未生成有效的Yolo标签，可能为无类别目标或解析失败
2025-07-02 14:03:28,266 - YOLO_DEFAULT - WARNING : XML文件 'helemt_vest_2948.xml' 未生成有效的Yolo标签，可能为无类别目标或解析失败
2025-07-02 14:03:28,267 - YOLO_DEFAULT - WARNING : XML文件 'hard_hat_workers2063.xml' 未生成有效的Yolo标签，可能为无类别目标或解析失败
2025-07-02 14:03:28,268 - YOLO_DEFAULT - WARNING : XML文件 'src_http___ss2.meipian.me_user_48822290_c8190dcdfa800001346c7ef013001f19.jpg_meipian-raw_bucket_ivwen_key_dXNlci80ODgyMjI5MC9jODE5MGRjZGZhODAwMDAxMzQ2YzdlZjAxMzAwMWYxOS5qcGc__sign_56ecd570.xml' 未生成有效的Yolo标签，可能为无类别目标或解析失败
2025-07-02 14:03:28,268 - YOLO_DEFAULT - WARNING : XML文件 'hard_hat_workers211.xml' 未生成有效的Yolo标签，可能为无类别目标或解析失败
2025-07-02 14:03:28,268 - YOLO_DEFAULT - WARNING : XML文件 '300.xml' 未生成有效的Yolo标签，可能为无类别目标或解析失败
2025-07-02 14:03:28,269 - YOLO_DEFAULT - WARNING : XML文件 'src_http___ss2.meipian.me_user_48822290_c8195a22162000012f6b1cf5141b1dff.jpg_meipian-raw_bucket_ivwen_key_dXNlci80ODgyMjI5MC9jODE5NWEyMjE2MjAwMDAxMmY2YjFjZjUxNDFiMWRmZi5qcGc__sign_e8c4aaa5.xml' 未生成有效的Yolo标签，可能为无类别目标或解析失败
2025-07-02 14:03:28,269 - YOLO_DEFAULT - WARNING : XML文件 'helemt_vest_1707.xml' 未生成有效的Yolo标签，可能为无类别目标或解析失败
2025-07-02 14:03:28,269 - YOLO_DEFAULT - WARNING : XML文件 '91d25249-d908-41b6-bbb3-edef9d991038.xml' 未生成有效的Yolo标签，可能为无类别目标或解析失败
2025-07-02 14:03:28,270 - YOLO_DEFAULT - WARNING : XML文件 'pos_688.xml' 未生成有效的Yolo标签，可能为无类别目标或解析失败
2025-07-02 14:03:28,270 - YOLO_DEFAULT - WARNING : XML文件 '91551511-fe15-414f-8f99-2019f3c85451.xml' 未生成有效的Yolo标签，可能为无类别目标或解析失败
2025-07-02 14:03:28,270 - YOLO_DEFAULT - WARNING : XML文件 'hard_hat_workers1825.xml' 未生成有效的Yolo标签，可能为无类别目标或解析失败
2025-07-02 14:03:28,270 - YOLO_DEFAULT - WARNING : XML文件 'helemt_vest_3114.xml' 未生成有效的Yolo标签，可能为无类别目标或解析失败
2025-07-02 14:03:28,270 - YOLO_DEFAULT - WARNING : XML文件 'pos_1353.xml' 未生成有效的Yolo标签，可能为无类别目标或解析失败
2025-07-02 14:03:28,271 - YOLO_DEFAULT - WARNING : XML文件 '9b719636-d49a-49a0-97a1-5b63c1cd8fd3.xml' 未生成有效的Yolo标签，可能为无类别目标或解析失败
2025-07-02 14:03:28,271 - YOLO_DEFAULT - WARNING : XML文件 'hard_hat_workers731.xml' 未生成有效的Yolo标签，可能为无类别目标或解析失败
2025-07-02 14:03:28,272 - YOLO_DEFAULT - WARNING : XML文件 'pos_1350.xml' 未生成有效的Yolo标签，可能为无类别目标或解析失败
2025-07-02 14:03:28,273 - YOLO_DEFAULT - WARNING : XML文件 'src_http___ss2.meipian.me_users_44671082_dc8a5aae166f43899b05050832229270.jpeg_meipian-raw_bucket_ivwen_key_dXNlcnMvNDQ2NzEwODIvZGM4YTVhYWUxNjZmNDM4OTliMDUwNTA4MzIyMjkyNzAuanBlZw___sign_70.xml' 未生成有效的Yolo标签，可能为无类别目标或解析失败
2025-07-02 14:03:28,273 - YOLO_DEFAULT - WARNING : XML文件 'pos_743.xml' 未生成有效的Yolo标签，可能为无类别目标或解析失败
2025-07-02 14:03:28,273 - YOLO_DEFAULT - WARNING : XML文件 '91ea362f-80ae-4acb-809a-d57281bc8f1a.xml' 未生成有效的Yolo标签，可能为无类别目标或解析失败
2025-07-02 14:03:28,274 - YOLO_DEFAULT - WARNING : XML文件 'pos_1348.xml' 未生成有效的Yolo标签，可能为无类别目标或解析失败
2025-07-02 14:03:28,275 - YOLO_DEFAULT - WARNING : XML文件 'src_http___ss2.meipian.me_users_69060423_0619496471e2bab35f06b4870c29ec37.jpg_meipian-raw_bucket_ivwen_key_dXNlcnMvNjkwNjA0MjMvMDYxOTQ5NjQ3MWUyYmFiMzVmMDZiNDg3MGMyOWVjMzcuanBn_sign_425a098.xml' 未生成有效的Yolo标签，可能为无类别目标或解析失败
2025-07-02 14:03:28,276 - YOLO_DEFAULT - WARNING : XML文件 'helemt_vest_3289.xml' 未生成有效的Yolo标签，可能为无类别目标或解析失败
2025-07-02 14:03:28,277 - YOLO_DEFAULT - WARNING : XML文件 'hard_hat_workers823.xml' 未生成有效的Yolo标签，可能为无类别目标或解析失败
2025-07-02 14:03:28,277 - YOLO_DEFAULT - WARNING : XML文件 '000416.xml' 未生成有效的Yolo标签，可能为无类别目标或解析失败
2025-07-02 14:03:28,279 - YOLO_DEFAULT - WARNING : XML文件 '5423d559-b5d5-422d-be11-4ee0faf6f49a.xml' 未生成有效的Yolo标签，可能为无类别目标或解析失败
2025-07-02 14:03:28,279 - YOLO_DEFAULT - WARNING : XML文件 'src_http___ss2.meipian.me_users_46125843_c8621a936d5a46a79bdceac49646274a.jpg_meipian-raw_bucket_ivwen_key_dXNlcnMvNDYxMjU4NDMvYzg2MjFhOTM2ZDVhNDZhNzliZGNlYWM0OTY0NjI3NGEuanBn_sign_55aa934.xml' 未生成有效的Yolo标签，可能为无类别目标或解析失败
2025-07-02 14:03:28,281 - YOLO_DEFAULT - WARNING : XML文件 'hard_hat_workers3193.xml' 未生成有效的Yolo标签，可能为无类别目标或解析失败
2025-07-02 14:03:28,281 - YOLO_DEFAULT - WARNING : XML文件 'pos_1369.xml' 未生成有效的Yolo标签，可能为无类别目标或解析失败
2025-07-02 14:03:28,283 - YOLO_DEFAULT - WARNING : XML文件 'hard_hat_workers2871.xml' 未生成有效的Yolo标签，可能为无类别目标或解析失败
2025-07-02 14:03:28,283 - YOLO_DEFAULT - WARNING : XML文件 'src_http___ss2.meipian.me_users_95865214_6f471f1dc7a071ce4c6dcdae4e79589e.jpg_meipian-raw_bucket_ivwen_key_dXNlcnMvOTU4NjUyMTQvNmY0NzFmMWRjN2EwNzFjZTRjNmRjZGFlNGU3OTU4OWUuanBn_sign_dad0d44.xml' 未生成有效的Yolo标签，可能为无类别目标或解析失败
2025-07-02 14:03:28,284 - YOLO_DEFAULT - WARNING : XML文件 'pos_1372.xml' 未生成有效的Yolo标签，可能为无类别目标或解析失败
2025-07-02 14:03:28,284 - YOLO_DEFAULT - WARNING : XML文件 'pos_1371.xml' 未生成有效的Yolo标签，可能为无类别目标或解析失败
2025-07-02 14:03:28,284 - YOLO_DEFAULT - WARNING : XML文件 '1487645254_81262530.xml' 未生成有效的Yolo标签，可能为无类别目标或解析失败
2025-07-02 14:03:28,284 - YOLO_DEFAULT - WARNING : XML文件 '62187949-f1a7-48d3-9ba8-fd4a3bb8a51d.xml' 未生成有效的Yolo标签，可能为无类别目标或解析失败
2025-07-02 14:03:28,285 - YOLO_DEFAULT - WARNING : XML文件 'src_http___ss2.meipian.me_users_63488883_c12aa0a5b9cc42bdbea47af251045b07.jpg_meipian-raw_bucket_ivwen_key_dXNlcnMvNjM0ODg4ODMvYzEyYWEwYTViOWNjNDJiZGJlYTQ3YWYyNTEwNDViMDcuanBn_sign_498521b.xml' 未生成有效的Yolo标签，可能为无类别目标或解析失败
2025-07-02 14:03:28,285 - YOLO_DEFAULT - WARNING : XML文件 'hard_hat_workers582.xml' 未生成有效的Yolo标签，可能为无类别目标或解析失败
2025-07-02 14:03:28,285 - YOLO_DEFAULT - WARNING : XML文件 'helemt_vest_2782.xml' 未生成有效的Yolo标签，可能为无类别目标或解析失败
2025-07-02 14:03:28,287 - YOLO_DEFAULT - WARNING : XML文件 '8dd84f94-b9d6-495f-ba06-8337e50cfab5.xml' 未生成有效的Yolo标签，可能为无类别目标或解析失败
2025-07-02 14:03:28,288 - YOLO_DEFAULT - WARNING : XML文件 '663d-50703604dc57789823f484cb6179f83d.xml' 未生成有效的Yolo标签，可能为无类别目标或解析失败
2025-07-02 14:03:28,289 - YOLO_DEFAULT - WARNING : XML文件 'helemt_vest_3263.xml' 未生成有效的Yolo标签，可能为无类别目标或解析失败
2025-07-02 14:03:28,289 - YOLO_DEFAULT - WARNING : XML文件 'hard_hat_workers1822.xml' 未生成有效的Yolo标签，可能为无类别目标或解析失败
2025-07-02 14:03:28,291 - YOLO_DEFAULT - WARNING : XML文件 'hard_hat_workers215.xml' 未生成有效的Yolo标签，可能为无类别目标或解析失败
2025-07-02 14:03:28,292 - YOLO_DEFAULT - WARNING : XML文件 'src_http___cbu01.alicdn.com_img_ibank_O1CN01OgXCSt1NQMBcmXX8p___2213050871564-0-cib.jpg&refer_http___cbu01.alicdn.xml' 未生成有效的Yolo标签，可能为无类别目标或解析失败
2025-07-02 14:03:28,293 - YOLO_DEFAULT - WARNING : XML文件 'hard_hat_workers1813.xml' 未生成有效的Yolo标签，可能为无类别目标或解析失败
2025-07-02 14:03:28,294 - YOLO_DEFAULT - WARNING : XML文件 '83cd4b827b3c497f9ee220fca5767bb4.xml' 未生成有效的Yolo标签，可能为无类别目标或解析失败
2025-07-02 14:03:28,294 - YOLO_DEFAULT - WARNING : XML文件 'helemt_vest_1278.xml' 未生成有效的Yolo标签，可能为无类别目标或解析失败
2025-07-02 14:03:28,294 - YOLO_DEFAULT - WARNING : XML文件 'pos_1003.xml' 未生成有效的Yolo标签，可能为无类别目标或解析失败
2025-07-02 14:03:28,294 - YOLO_DEFAULT - WARNING : XML文件 '0bca745e-8c55-4846-9082-af55349ddef5.xml' 未生成有效的Yolo标签，可能为无类别目标或解析失败
2025-07-02 14:03:28,295 - YOLO_DEFAULT - WARNING : XML文件 'hard_hat_workers473.xml' 未生成有效的Yolo标签，可能为无类别目标或解析失败
2025-07-02 14:03:28,295 - YOLO_DEFAULT - WARNING : XML文件 'hard_hat_workers1906.xml' 未生成有效的Yolo标签，可能为无类别目标或解析失败
2025-07-02 14:03:28,296 - YOLO_DEFAULT - WARNING : XML文件 'hard_hat_workers2740.xml' 未生成有效的Yolo标签，可能为无类别目标或解析失败
2025-07-02 14:03:28,296 - YOLO_DEFAULT - WARNING : XML文件 'helemt_vest_383.xml' 未生成有效的Yolo标签，可能为无类别目标或解析失败
2025-07-02 14:03:28,297 - YOLO_DEFAULT - WARNING : XML文件 'hard_hat_workers2549.xml' 未生成有效的Yolo标签，可能为无类别目标或解析失败
2025-07-02 14:03:28,298 - YOLO_DEFAULT - WARNING : XML文件 'helemt_vest_1610.xml' 未生成有效的Yolo标签，可能为无类别目标或解析失败
2025-07-02 14:03:28,299 - YOLO_DEFAULT - WARNING : XML文件 'helemt_vest_722.xml' 未生成有效的Yolo标签，可能为无类别目标或解析失败
2025-07-02 14:03:28,301 - YOLO_DEFAULT - WARNING : XML文件 'helemt_vest_678.xml' 未生成有效的Yolo标签，可能为无类别目标或解析失败
2025-07-02 14:03:28,301 - YOLO_DEFAULT - WARNING : XML文件 'pos_1354.xml' 未生成有效的Yolo标签，可能为无类别目标或解析失败
2025-07-02 14:03:28,302 - YOLO_DEFAULT - WARNING : XML文件 '000000.xml' 未生成有效的Yolo标签，可能为无类别目标或解析失败
2025-07-02 14:03:28,302 - YOLO_DEFAULT - WARNING : XML文件 '9bf4fc2e-717b-43f4-b564-3ded83afcb2f.xml' 未生成有效的Yolo标签，可能为无类别目标或解析失败
2025-07-02 14:03:28,303 - YOLO_DEFAULT - WARNING : XML文件 'src_http___ss2.meipian.me_user_15821819_c84861051d9000018bc4818f1c005500.jpg_meipian-raw_bucket_ivwen_key_dXNlci8xNTgyMTgxOS9jODQ4NjEwNTFkOTAwMDAxOGJjNDgxOGYxYzAwNTUwMC5qcGc__sign_e5b0e91f.xml' 未生成有效的Yolo标签，可能为无类别目标或解析失败
2025-07-02 14:03:28,303 - YOLO_DEFAULT - WARNING : XML文件 'hard_hat_workers926.xml' 未生成有效的Yolo标签，可能为无类别目标或解析失败
2025-07-02 14:03:28,304 - YOLO_DEFAULT - WARNING : XML文件 '532aef88-1171-45a7-8690-dfc38aa6eb9c.xml' 未生成有效的Yolo标签，可能为无类别目标或解析失败
2025-07-02 14:03:28,305 - YOLO_DEFAULT - WARNING : XML文件 'pos_872.xml' 未生成有效的Yolo标签，可能为无类别目标或解析失败
2025-07-02 14:03:28,307 - YOLO_DEFAULT - WARNING : XML文件 'pos_1370.xml' 未生成有效的Yolo标签，可能为无类别目标或解析失败
2025-07-02 14:03:28,308 - YOLO_DEFAULT - WARNING : XML文件 'src_http___ss2.meipian.me_users_53254808_746cce5376f44dd9b3a97a4d550274a6.jpg_meipian-raw_bucket_ivwen_key_dXNlcnMvNTMyNTQ4MDgvNzQ2Y2NlNTM3NmY0NGRkOWIzYTk3YTRkNTUwMjc0YTYuanBn_sign_cb93357.xml' 未生成有效的Yolo标签，可能为无类别目标或解析失败
2025-07-02 14:03:28,309 - YOLO_DEFAULT - WARNING : XML文件 'helemt_vest_3655.xml' 未生成有效的Yolo标签，可能为无类别目标或解析失败
2025-07-02 14:03:28,309 - YOLO_DEFAULT - WARNING : XML文件 'src_http___ss2.meipian.me_users_69305283_6803de2e2cc6423da0936ff7b24f41ba.jpg_meipian-raw_bucket_ivwen_key_dXNlcnMvNjkzMDUyODMvNjgwM2RlMmUyY2M2NDIzZGEwOTM2ZmY3YjI0ZjQxYmEuanBn_sign_ccb12a1.xml' 未生成有效的Yolo标签，可能为无类别目标或解析失败
2025-07-02 14:03:28,311 - YOLO_DEFAULT - WARNING : XML文件 '882d0b19-207d-48b9-84d3-b4e84cf7765e.xml' 未生成有效的Yolo标签，可能为无类别目标或解析失败
2025-07-02 14:03:28,311 - YOLO_DEFAULT - WARNING : XML文件 'pos_1362.xml' 未生成有效的Yolo标签，可能为无类别目标或解析失败
2025-07-02 14:03:28,311 - YOLO_DEFAULT - WARNING : XML文件 'hard_hat_workers4814.xml' 未生成有效的Yolo标签，可能为无类别目标或解析失败
2025-07-02 14:03:28,312 - YOLO_DEFAULT - WARNING : XML文件 '6e79f639-0725-453a-8cb6-264c63553d76.xml' 未生成有效的Yolo标签，可能为无类别目标或解析失败
2025-07-02 14:03:28,312 - YOLO_DEFAULT - WARNING : XML文件 'hard_hat_workers2.xml' 未生成有效的Yolo标签，可能为无类别目标或解析失败
2025-07-02 14:03:28,313 - YOLO_DEFAULT - WARNING : XML文件 'helemt_vest_500.xml' 未生成有效的Yolo标签，可能为无类别目标或解析失败
2025-07-02 14:03:28,313 - YOLO_DEFAULT - WARNING : XML文件 'helemt_vest_806.xml' 未生成有效的Yolo标签，可能为无类别目标或解析失败
2025-07-02 14:03:28,313 - YOLO_DEFAULT - WARNING : XML文件 '3ba59624-fad9-4c19-8585-911161ebcaf8.xml' 未生成有效的Yolo标签，可能为无类别目标或解析失败
2025-07-02 14:03:28,314 - YOLO_DEFAULT - WARNING : XML文件 'src_http___ss2.meipian.me_users_48822290_3eaa157187b448a9b0598980e67c1f06.jpg_meipian-raw_bucket_ivwen_key_dXNlcnMvNDg4MjIyOTAvM2VhYTE1NzE4N2I0NDhhOWIwNTk4OTgwZTY3YzFmMDYuanBn_sign_eb88bd3.xml' 未生成有效的Yolo标签，可能为无类别目标或解析失败
2025-07-02 14:03:28,315 - YOLO_DEFAULT - WARNING : XML文件 '48b41eae-cf88-4fc5-8310-03fc220c6edd.xml' 未生成有效的Yolo标签，可能为无类别目标或解析失败
2025-07-02 14:03:28,315 - YOLO_DEFAULT - WARNING : XML文件 '6d18582cbd63557541906bf606b15d60.xml' 未生成有效的Yolo标签，可能为无类别目标或解析失败
2025-07-02 14:03:28,316 - YOLO_DEFAULT - WARNING : XML文件 '2389c2aa30004fafa7d7b72ff6834411.xml' 未生成有效的Yolo标签，可能为无类别目标或解析失败
2025-07-02 14:03:28,316 - YOLO_DEFAULT - WARNING : XML文件 'helemt_vest_2391.xml' 未生成有效的Yolo标签，可能为无类别目标或解析失败
2025-07-02 14:03:28,318 - YOLO_DEFAULT - WARNING : XML文件 'hard_hat_workers644.xml' 未生成有效的Yolo标签，可能为无类别目标或解析失败
2025-07-02 14:03:28,318 - YOLO_DEFAULT - WARNING : XML文件 'hard_hat_workers981.xml' 未生成有效的Yolo标签，可能为无类别目标或解析失败
2025-07-02 14:03:28,318 - YOLO_DEFAULT - WARNING : XML文件 'helemt_vest_1738.xml' 未生成有效的Yolo标签，可能为无类别目标或解析失败
2025-07-02 14:03:28,319 - YOLO_DEFAULT - WARNING : XML文件 'helemt_vest_2589.xml' 未生成有效的Yolo标签，可能为无类别目标或解析失败
2025-07-02 14:03:28,319 - YOLO_DEFAULT - WARNING : XML文件 '411.xml' 未生成有效的Yolo标签，可能为无类别目标或解析失败
2025-07-02 14:03:28,320 - YOLO_DEFAULT - WARNING : XML文件 '5b7d5c31Na7bd3af8.xml' 未生成有效的Yolo标签，可能为无类别目标或解析失败
2025-07-02 14:03:28,320 - YOLO_DEFAULT - WARNING : XML文件 'src_http___ss2.meipian.me_users_95865214_2fd56771c2f7b9a1d08eafcf98fb4e33.jpg_meipian-raw_bucket_ivwen_key_dXNlcnMvOTU4NjUyMTQvMmZkNTY3NzFjMmY3YjlhMWQwOGVhZmNmOThmYjRlMzMuanBn_sign_035b33b.xml' 未生成有效的Yolo标签，可能为无类别目标或解析失败
2025-07-02 14:03:28,322 - YOLO_DEFAULT - WARNING : XML文件 '4e780a68-cfc0-4bb4-a408-f65cb258169a.xml' 未生成有效的Yolo标签，可能为无类别目标或解析失败
2025-07-02 14:03:28,322 - YOLO_DEFAULT - WARNING : XML文件 'hard_hat_workers3805.xml' 未生成有效的Yolo标签，可能为无类别目标或解析失败
2025-07-02 14:03:28,323 - YOLO_DEFAULT - WARNING : XML文件 'hard_hat_workers407.xml' 未生成有效的Yolo标签，可能为无类别目标或解析失败
2025-07-02 14:03:28,323 - YOLO_DEFAULT - WARNING : XML文件 'pos_1206.xml' 未生成有效的Yolo标签，可能为无类别目标或解析失败
2025-07-02 14:03:28,323 - YOLO_DEFAULT - WARNING : XML文件 '8f2b82f753fc063a7706c1ff46cca87c.xml' 未生成有效的Yolo标签，可能为无类别目标或解析失败
2025-07-02 14:03:28,324 - YOLO_DEFAULT - WARNING : XML文件 'pos_194.xml' 未生成有效的Yolo标签，可能为无类别目标或解析失败
2025-07-02 14:03:28,324 - YOLO_DEFAULT - WARNING : XML文件 'helemt_vest_2639.xml' 未生成有效的Yolo标签，可能为无类别目标或解析失败
2025-07-02 14:03:28,325 - YOLO_DEFAULT - WARNING : XML文件 'hard_hat_workers2647.xml' 未生成有效的Yolo标签，可能为无类别目标或解析失败
2025-07-02 14:03:28,326 - YOLO_DEFAULT - WARNING : XML文件 'hard_hat_workers956.xml' 未生成有效的Yolo标签，可能为无类别目标或解析失败
2025-07-02 14:03:28,326 - YOLO_DEFAULT - WARNING : XML文件 '932a8f42-4f06-404b-bc47-df59b25bcac2.xml' 未生成有效的Yolo标签，可能为无类别目标或解析失败
2025-07-02 14:03:28,328 - YOLO_DEFAULT - WARNING : XML文件 'pos_1211.xml' 未生成有效的Yolo标签，可能为无类别目标或解析失败
2025-07-02 14:03:28,328 - YOLO_DEFAULT - WARNING : XML文件 '57214bf1520142a0aa3c28d2064e739c.xml' 未生成有效的Yolo标签，可能为无类别目标或解析失败
2025-07-02 14:03:28,329 - YOLO_DEFAULT - WARNING : XML文件 'src_http___ss2.meipian.me_users_59135416_dae82310-620f-11eb-82c4-6d2c442903c9.jpg_meipian-raw_bucket_ivwen_key_dXNlcnMvNTkxMzU0MTYvZGFlODIzMTAtNjIwZi0xMWViLTgyYzQtNmQyYzQ0MjkwM2M5LmpwZw___.xml' 未生成有效的Yolo标签，可能为无类别目标或解析失败
2025-07-02 14:03:28,330 - YOLO_DEFAULT - WARNING : XML文件 'hard_hat_workers314.xml' 未生成有效的Yolo标签，可能为无类别目标或解析失败
2025-07-02 14:03:28,330 - YOLO_DEFAULT - WARNING : XML文件 'hard_hat_workers328.xml' 未生成有效的Yolo标签，可能为无类别目标或解析失败
2025-07-02 14:03:28,331 - YOLO_DEFAULT - WARNING : XML文件 '2883-hyvnhqq8376627.xml' 未生成有效的Yolo标签，可能为无类别目标或解析失败
2025-07-02 14:03:28,331 - YOLO_DEFAULT - WARNING : XML文件 'helemt_vest_717.xml' 未生成有效的Yolo标签，可能为无类别目标或解析失败
2025-07-02 14:03:28,331 - YOLO_DEFAULT - WARNING : XML文件 'helemt_vest_323.xml' 未生成有效的Yolo标签，可能为无类别目标或解析失败
2025-07-02 14:03:28,333 - YOLO_DEFAULT - WARNING : XML文件 'pos_1364.xml' 未生成有效的Yolo标签，可能为无类别目标或解析失败
2025-07-02 14:03:28,334 - YOLO_DEFAULT - WARNING : XML文件 'pos_1359.xml' 未生成有效的Yolo标签，可能为无类别目标或解析失败
2025-07-02 14:03:28,334 - YOLO_DEFAULT - WARNING : XML文件 'helemt_vest_899.xml' 未生成有效的Yolo标签，可能为无类别目标或解析失败
2025-07-02 14:03:28,335 - YOLO_DEFAULT - WARNING : XML文件 'helemt_vest_2106.xml' 未生成有效的Yolo标签，可能为无类别目标或解析失败
2025-07-02 14:03:28,336 - YOLO_DEFAULT - WARNING : XML文件 'helemt_vest_875.xml' 未生成有效的Yolo标签，可能为无类别目标或解析失败
2025-07-02 14:03:28,336 - YOLO_DEFAULT - WARNING : XML文件 '33f7adb4-f650-449e-8a8a-8038a93ab866.xml' 未生成有效的Yolo标签，可能为无类别目标或解析失败
2025-07-02 14:03:28,337 - YOLO_DEFAULT - WARNING : XML文件 'hard_hat_workers1167.xml' 未生成有效的Yolo标签，可能为无类别目标或解析失败
2025-07-02 14:03:28,337 - YOLO_DEFAULT - WARNING : XML文件 'hard_hat_workers318.xml' 未生成有效的Yolo标签，可能为无类别目标或解析失败
2025-07-02 14:03:28,337 - YOLO_DEFAULT - WARNING : XML文件 'hard_hat_workers4919.xml' 未生成有效的Yolo标签，可能为无类别目标或解析失败
2025-07-02 14:03:28,338 - YOLO_DEFAULT - WARNING : XML文件 'pos_1395.xml' 未生成有效的Yolo标签，可能为无类别目标或解析失败
2025-07-02 14:03:28,339 - YOLO_DEFAULT - WARNING : XML文件 'pos_1366.xml' 未生成有效的Yolo标签，可能为无类别目标或解析失败
2025-07-02 14:03:28,339 - YOLO_DEFAULT - WARNING : XML文件 'pos_1373.xml' 未生成有效的Yolo标签，可能为无类别目标或解析失败
2025-07-02 14:03:28,339 - YOLO_DEFAULT - WARNING : XML文件 'pos_1208.xml' 未生成有效的Yolo标签，可能为无类别目标或解析失败
2025-07-02 14:03:28,340 - YOLO_DEFAULT - WARNING : XML文件 'pos_1349.xml' 未生成有效的Yolo标签，可能为无类别目标或解析失败
2025-07-02 14:03:28,340 - YOLO_DEFAULT - WARNING : XML文件 'src_http___ss2.meipian.me_user_48822290_c81bf2f9c5800001bf6e3c801b6d1099.jpg_meipian-raw_bucket_ivwen_key_dXNlci80ODgyMjI5MC9jODFiZjJmOWM1ODAwMDAxYmY2ZTNjODAxYjZkMTA5OS5qcGc__sign_9d8341a3.xml' 未生成有效的Yolo标签，可能为无类别目标或解析失败
2025-07-02 14:03:28,341 - YOLO_DEFAULT - WARNING : XML文件 'src_http___ss2.meipian.me_users_48822290_6fa3f815a4a84c2f800ca484ad48d988.jpg_meipian-raw_bucket_ivwen_key_dXNlcnMvNDg4MjIyOTAvNmZhM2Y4MTVhNGE4NGMyZjgwMGNhNDg0YWQ0OGQ5ODguanBn_sign_a72349a.xml' 未生成有效的Yolo标签，可能为无类别目标或解析失败
2025-07-02 14:03:28,341 - YOLO_DEFAULT - WARNING : XML文件 'helemt_vest_857.xml' 未生成有效的Yolo标签，可能为无类别目标或解析失败
2025-07-02 14:03:28,342 - YOLO_DEFAULT - WARNING : XML文件 'src_http___ss2.meipian.me_users_9974230_20b0b9dc2d5043098545ba78f693b976.jpg_meipian-raw_bucket_ivwen_key_dXNlcnMvOTk3NDIzMC8yMGIwYjlkYzJkNTA0MzA5ODU0NWJhNzhmNjkzYjk3Ni5qcGc__sign_3f4e743c.xml' 未生成有效的Yolo标签，可能为无类别目标或解析失败
2025-07-02 14:03:28,342 - YOLO_DEFAULT - WARNING : XML文件 '521ec48a-f59d-4b4b-8a5f-f3b84992208b.xml' 未生成有效的Yolo标签，可能为无类别目标或解析失败
2025-07-02 14:03:28,342 - YOLO_DEFAULT - WARNING : XML文件 'src_http___ss2.meipian.me_users_69305283_1bf2fd639a79428486f74c29950e0042.jpg_meipian-raw_bucket_ivwen_key_dXNlcnMvNjkzMDUyODMvMWJmMmZkNjM5YTc5NDI4NDg2Zjc0YzI5OTUwZTAwNDIuanBn_sign_bffabfc.xml' 未生成有效的Yolo标签，可能为无类别目标或解析失败
2025-07-02 14:03:28,343 - YOLO_DEFAULT - WARNING : XML文件 'pos_895.xml' 未生成有效的Yolo标签，可能为无类别目标或解析失败
2025-07-02 14:03:28,344 - YOLO_DEFAULT - WARNING : XML文件 'hard_hat_workers4769.xml' 未生成有效的Yolo标签，可能为无类别目标或解析失败
2025-07-02 14:03:28,345 - YOLO_DEFAULT - WARNING : XML文件 'b150a4fd-fc9f-424b-a565-c5a334150ccd.xml' 未生成有效的Yolo标签，可能为无类别目标或解析失败
2025-07-02 14:03:28,345 - YOLO_DEFAULT - WARNING : XML文件 'hard_hat_workers3189.xml' 未生成有效的Yolo标签，可能为无类别目标或解析失败
2025-07-02 14:03:28,345 - YOLO_DEFAULT - WARNING : XML文件 'src_http___ss2.meipian.me_users_63488883_4b43d9914bc8fa2f70f3ab1cfae8e811.jpg_meipian-raw_bucket_ivwen_key_dXNlcnMvNjM0ODg4ODMvNGI0M2Q5OTE0YmM4ZmEyZjcwZjNhYjFjZmFlOGU4MTEuanBn_sign_d3d65c9.xml' 未生成有效的Yolo标签，可能为无类别目标或解析失败
2025-07-02 14:03:28,346 - YOLO_DEFAULT - WARNING : XML文件 'hard_hat_workers487.xml' 未生成有效的Yolo标签，可能为无类别目标或解析失败
2025-07-02 14:03:28,347 - YOLO_DEFAULT - WARNING : XML文件 'helemt_vest_333.xml' 未生成有效的Yolo标签，可能为无类别目标或解析失败
2025-07-02 14:03:28,348 - YOLO_DEFAULT - WARNING : XML文件 'd8ddf25e73fa4dbb83f369502f9e9b9a.xml' 未生成有效的Yolo标签，可能为无类别目标或解析失败
2025-07-02 14:03:28,349 - YOLO_DEFAULT - WARNING : XML文件 'a9954bf2-9b47-4a6c-8db5-37d20d9f48ad.xml' 未生成有效的Yolo标签，可能为无类别目标或解析失败
2025-07-02 14:03:28,350 - YOLO_DEFAULT - WARNING : XML文件 'helemt_vest_2060.xml' 未生成有效的Yolo标签，可能为无类别目标或解析失败
2025-07-02 14:03:28,350 - YOLO_DEFAULT - WARNING : XML文件 'src_http___ss2.meipian.me_users_48822290_d96a6ea9a8d54d1abe402d4ed998cf81.jpg_meipian-raw_bucket_ivwen_key_dXNlcnMvNDg4MjIyOTAvZDk2YTZlYTlhOGQ1NGQxYWJlNDAyZDRlZDk5OGNmODEuanBn_sign_eb61d71.xml' 未生成有效的Yolo标签，可能为无类别目标或解析失败
2025-07-02 14:03:28,351 - YOLO_DEFAULT - WARNING : XML文件 'hard_hat_workers730.xml' 未生成有效的Yolo标签，可能为无类别目标或解析失败
2025-07-02 14:03:28,351 - YOLO_DEFAULT - WARNING : XML文件 '2668.jpg_wh300.xml' 未生成有效的Yolo标签，可能为无类别目标或解析失败
2025-07-02 14:03:28,352 - YOLO_DEFAULT - WARNING : XML文件 'helemt_vest_3978.xml' 未生成有效的Yolo标签，可能为无类别目标或解析失败
2025-07-02 14:03:28,352 - YOLO_DEFAULT - WARNING : XML文件 '79716412-0815-49bc-9964-698f46aed7e9.xml' 未生成有效的Yolo标签，可能为无类别目标或解析失败
2025-07-02 14:03:28,353 - YOLO_DEFAULT - WARNING : XML文件 'src_http___ss2.meipian.me_user_48822290_c8230b0de96000011b3371469340173a.jpg_meipian-raw_bucket_ivwen_key_dXNlci80ODgyMjI5MC9jODIzMGIwZGU5NjAwMDAxMWIzMzcxNDY5MzQwMTczYS5qcGc__sign_7c6ff47a.xml' 未生成有效的Yolo标签，可能为无类别目标或解析失败
2025-07-02 14:03:28,353 - YOLO_DEFAULT - WARNING : XML文件 'src_http___ss2.meipian.me_user_59835132_c8486cc9846000017f304280824d7860.jpg_meipian-raw_bucket_ivwen_key_dXNlci81OTgzNTEzMi9jODQ4NmNjOTg0NjAwMDAxN2YzMDQyODA4MjRkNzg2MC5qcGc__sign_bc787055.xml' 未生成有效的Yolo标签，可能为无类别目标或解析失败
2025-07-02 14:03:28,353 - YOLO_DEFAULT - WARNING : XML文件 'helemt_vest_1938.xml' 未生成有效的Yolo标签，可能为无类别目标或解析失败
2025-07-02 14:03:28,355 - YOLO_DEFAULT - WARNING : XML文件 'helemt_vest_226.xml' 未生成有效的Yolo标签，可能为无类别目标或解析失败
2025-07-02 14:03:28,358 - YOLO_DEFAULT - WARNING : XML文件 'helemt_vest_1205.xml' 未生成有效的Yolo标签，可能为无类别目标或解析失败
2025-07-02 14:03:28,359 - YOLO_DEFAULT - WARNING : XML文件 'pos_1109.xml' 未生成有效的Yolo标签，可能为无类别目标或解析失败
2025-07-02 14:03:28,359 - YOLO_DEFAULT - WARNING : XML文件 'src_http___ss2.meipian.me_users_48822290_fe0f05e660e54b389f45be99fed382d3.jpg_meipian-raw_bucket_ivwen_key_dXNlcnMvNDg4MjIyOTAvZmUwZjA1ZTY2MGU1NGIzODlmNDViZTk5ZmVkMzgyZDMuanBn_sign_1bd3811.xml' 未生成有效的Yolo标签，可能为无类别目标或解析失败
2025-07-02 14:03:28,360 - YOLO_DEFAULT - WARNING : XML文件 'u_3865342571_1111800458&fm_193.xml' 未生成有效的Yolo标签，可能为无类别目标或解析失败
2025-07-02 14:03:28,361 - YOLO_DEFAULT - WARNING : XML文件 'pos_1397.xml' 未生成有效的Yolo标签，可能为无类别目标或解析失败
2025-07-02 14:03:28,361 - YOLO_DEFAULT - WARNING : XML文件 'helemt_vest_1811.xml' 未生成有效的Yolo标签，可能为无类别目标或解析失败
2025-07-02 14:03:28,361 - YOLO_DEFAULT - WARNING : XML文件 'pos_1351.xml' 未生成有效的Yolo标签，可能为无类别目标或解析失败
2025-07-02 14:03:28,362 - YOLO_DEFAULT - WARNING : XML文件 'hard_hat_workers3918.xml' 未生成有效的Yolo标签，可能为无类别目标或解析失败
2025-07-02 14:03:28,363 - YOLO_DEFAULT - WARNING : XML文件 'pos_1513.xml' 未生成有效的Yolo标签，可能为无类别目标或解析失败
2025-07-02 14:03:28,363 - YOLO_DEFAULT - WARNING : XML文件 '1000.xml' 未生成有效的Yolo标签，可能为无类别目标或解析失败
2025-07-02 14:03:28,363 - YOLO_DEFAULT - WARNING : XML文件 'src_http___ss2.meipian.me_users_69096063_ad9b96b8386545a3a32c986029375664.jpeg_meipian-raw_bucket_ivwen_key_dXNlcnMvNjkwOTYwNjMvYWQ5Yjk2YjgzODY1NDVhM2EzMmM5ODYwMjkzNzU2NjQuanBlZw___sign_de.xml' 未生成有效的Yolo标签，可能为无类别目标或解析失败
2025-07-02 14:03:28,364 - YOLO_DEFAULT - WARNING : XML文件 'src_http___ss2.meipian.me_users_57481804_70f8e28d97cd41cba34df2b78f3c5bc0.jpg_meipian-raw_bucket_ivwen_key_dXNlcnMvNTc0ODE4MDQvNzBmOGUyOGQ5N2NkNDFjYmEzNGRmMmI3OGYzYzViYzAuanBn_sign_11128f0.xml' 未生成有效的Yolo标签，可能为无类别目标或解析失败
2025-07-02 14:03:28,365 - YOLO_DEFAULT - WARNING : XML文件 'helemt_vest_1138.xml' 未生成有效的Yolo标签，可能为无类别目标或解析失败
2025-07-02 14:03:28,365 - YOLO_DEFAULT - WARNING : XML文件 'hard_hat_workers1910.xml' 未生成有效的Yolo标签，可能为无类别目标或解析失败
2025-07-02 14:03:28,365 - YOLO_DEFAULT - WARNING : XML文件 'hard_hat_workers158.xml' 未生成有效的Yolo标签，可能为无类别目标或解析失败
2025-07-02 14:03:28,367 - YOLO_DEFAULT - WARNING : XML文件 '0338c75d-2f2c-4b32-8145-6694204c2b18.xml' 未生成有效的Yolo标签，可能为无类别目标或解析失败
2025-07-02 14:03:28,367 - YOLO_DEFAULT - WARNING : XML文件 'helemt_vest_228.xml' 未生成有效的Yolo标签，可能为无类别目标或解析失败
2025-07-02 14:03:28,367 - YOLO_DEFAULT - WARNING : XML文件 '7d72704d-0777-4b9d-9768-cf6788042abb.xml' 未生成有效的Yolo标签，可能为无类别目标或解析失败
2025-07-02 14:03:28,368 - YOLO_DEFAULT - WARNING : XML文件 'pos_783.xml' 未生成有效的Yolo标签，可能为无类别目标或解析失败
2025-07-02 14:03:28,369 - YOLO_DEFAULT - WARNING : XML文件 'pos_982.xml' 未生成有效的Yolo标签，可能为无类别目标或解析失败
2025-07-02 14:03:28,371 - YOLO_DEFAULT - WARNING : XML文件 'pos_1396.xml' 未生成有效的Yolo标签，可能为无类别目标或解析失败
2025-07-02 14:03:28,372 - YOLO_DEFAULT - WARNING : XML文件 'hard_hat_workers1166.xml' 未生成有效的Yolo标签，可能为无类别目标或解析失败
2025-07-02 14:03:28,375 - YOLO_DEFAULT - WARNING : XML文件 '57c577d447fa44b7ad7e9c5a0c9664f0.xml' 未生成有效的Yolo标签，可能为无类别目标或解析失败
2025-07-02 14:03:28,376 - YOLO_DEFAULT - WARNING : XML文件 'pos_1363.xml' 未生成有效的Yolo标签，可能为无类别目标或解析失败
2025-07-02 14:03:28,376 - YOLO_DEFAULT - WARNING : XML文件 'helemt_vest_2489.xml' 未生成有效的Yolo标签，可能为无类别目标或解析失败
2025-07-02 14:03:28,377 - YOLO_DEFAULT - WARNING : XML文件 'hard_hat_workers3633.xml' 未生成有效的Yolo标签，可能为无类别目标或解析失败
2025-07-02 14:03:28,379 - YOLO_DEFAULT - WARNING : XML文件 'hard_hat_workers686.xml' 未生成有效的Yolo标签，可能为无类别目标或解析失败
2025-07-02 14:03:28,379 - YOLO_DEFAULT - WARNING : XML文件 'src_http___ss2.meipian.me_users_66599432_d8482e9f17a15deadb37ae39372efe47.jpg_meipian-raw_bucket_ivwen_key_dXNlcnMvNjY1OTk0MzIvZDg0ODJlOWYxN2ExNWRlYWRiMzdhZTM5MzcyZWZlNDcuanBn_sign_95f1afc.xml' 未生成有效的Yolo标签，可能为无类别目标或解析失败
2025-07-02 14:03:28,379 - YOLO_DEFAULT - WARNING : XML文件 'hard_hat_workers465.xml' 未生成有效的Yolo标签，可能为无类别目标或解析失败
2025-07-02 14:03:28,379 - YOLO_DEFAULT - WARNING : XML文件 'helemt_vest_1876.xml' 未生成有效的Yolo标签，可能为无类别目标或解析失败
2025-07-02 14:03:28,381 - YOLO_DEFAULT - WARNING : XML文件 'hard_hat_workers3526.xml' 未生成有效的Yolo标签，可能为无类别目标或解析失败
2025-07-02 14:03:28,381 - YOLO_DEFAULT - WARNING : XML文件 'helemt_vest_516.xml' 未生成有效的Yolo标签，可能为无类别目标或解析失败
2025-07-02 14:03:28,382 - YOLO_DEFAULT - WARNING : XML文件 'pos_1392.xml' 未生成有效的Yolo标签，可能为无类别目标或解析失败
2025-07-02 14:03:28,382 - YOLO_DEFAULT - WARNING : XML文件 'helemt_vest_2459.xml' 未生成有效的Yolo标签，可能为无类别目标或解析失败
2025-07-02 14:03:28,383 - YOLO_DEFAULT - WARNING : XML文件 'helemt_vest_3101.xml' 未生成有效的Yolo标签，可能为无类别目标或解析失败
2025-07-02 14:03:28,383 - YOLO_DEFAULT - WARNING : XML文件 'hard_hat_workers1997.xml' 未生成有效的Yolo标签，可能为无类别目标或解析失败
2025-07-02 14:03:28,383 - YOLO_DEFAULT - WARNING : XML文件 'hard_hat_workers558.xml' 未生成有效的Yolo标签，可能为无类别目标或解析失败
2025-07-02 14:03:28,383 - YOLO_DEFAULT - WARNING : XML文件 'helemt_vest_824.xml' 未生成有效的Yolo标签，可能为无类别目标或解析失败
2025-07-02 14:03:28,384 - YOLO_DEFAULT - WARNING : XML文件 'hard_hat_workers3188.xml' 未生成有效的Yolo标签，可能为无类别目标或解析失败
2025-07-02 14:03:28,384 - YOLO_DEFAULT - WARNING : XML文件 'hard_hat_workers2039.xml' 未生成有效的Yolo标签，可能为无类别目标或解析失败
2025-07-02 14:03:28,384 - YOLO_DEFAULT - WARNING : XML文件 'hard_hat_workers4843.xml' 未生成有效的Yolo标签，可能为无类别目标或解析失败
2025-07-02 14:03:28,385 - YOLO_DEFAULT - WARNING : XML文件 'hard_hat_workers1098.xml' 未生成有效的Yolo标签，可能为无类别目标或解析失败
2025-07-02 14:03:28,385 - YOLO_DEFAULT - WARNING : XML文件 'hard_hat_workers1086.xml' 未生成有效的Yolo标签，可能为无类别目标或解析失败
2025-07-02 14:03:28,386 - YOLO_DEFAULT - WARNING : XML文件 '00d71395-65a8-4fe6-89e5-bfe14e28dbef.xml' 未生成有效的Yolo标签，可能为无类别目标或解析失败
2025-07-02 14:03:28,387 - YOLO_DEFAULT - WARNING : XML文件 'src_http___ss2.meipian.me_users_57023448_a5d330d995a64575bb4b5a757c387128.jpg_meipian-raw_bucket_ivwen_key_dXNlcnMvNTcwMjM0NDgvYTVkMzMwZDk5NWE2NDU3NWJiNGI1YTc1N2MzODcxMjguanBn_sign_035541f.xml' 未生成有效的Yolo标签，可能为无类别目标或解析失败
2025-07-02 14:03:28,387 - YOLO_DEFAULT - WARNING : XML文件 'helemt_vest_47.xml' 未生成有效的Yolo标签，可能为无类别目标或解析失败
2025-07-02 14:03:28,388 - YOLO_DEFAULT - WARNING : XML文件 'pos_828.xml' 未生成有效的Yolo标签，可能为无类别目标或解析失败
2025-07-02 14:03:28,389 - YOLO_DEFAULT - WARNING : XML文件 'hard_hat_workers3670.xml' 未生成有效的Yolo标签，可能为无类别目标或解析失败
2025-07-02 14:03:28,389 - YOLO_DEFAULT - WARNING : XML文件 'hard_hat_workers353.xml' 未生成有效的Yolo标签，可能为无类别目标或解析失败
2025-07-02 14:03:28,389 - YOLO_DEFAULT - WARNING : XML文件 '167da9f9-e869-46ea-9891-f4a11044d140.xml' 未生成有效的Yolo标签，可能为无类别目标或解析失败
2025-07-02 14:03:28,390 - YOLO_DEFAULT - WARNING : XML文件 'pos_1340.xml' 未生成有效的Yolo标签，可能为无类别目标或解析失败
2025-07-02 14:03:28,391 - YOLO_DEFAULT - WARNING : XML文件 'helemt_vest_3735.xml' 未生成有效的Yolo标签，可能为无类别目标或解析失败
2025-07-02 14:03:28,391 - YOLO_DEFAULT - WARNING : XML文件 '000124.xml' 未生成有效的Yolo标签，可能为无类别目标或解析失败
2025-07-02 14:03:28,391 - YOLO_DEFAULT - WARNING : XML文件 'hard_hat_workers39.xml' 未生成有效的Yolo标签，可能为无类别目标或解析失败
2025-07-02 14:03:28,393 - YOLO_DEFAULT - WARNING : XML文件 'hard_hat_workers1040.xml' 未生成有效的Yolo标签，可能为无类别目标或解析失败
2025-07-02 14:03:28,395 - YOLO_DEFAULT - WARNING : XML文件 'hard_hat_workers808.xml' 未生成有效的Yolo标签，可能为无类别目标或解析失败
2025-07-02 14:03:28,395 - YOLO_DEFAULT - WARNING : XML文件 'pos_1394.xml' 未生成有效的Yolo标签，可能为无类别目标或解析失败
2025-07-02 14:03:28,396 - YOLO_DEFAULT - WARNING : XML文件 '761.xml' 未生成有效的Yolo标签，可能为无类别目标或解析失败
2025-07-02 14:03:28,397 - YOLO_DEFAULT - WARNING : XML文件 'pos_1393.xml' 未生成有效的Yolo标签，可能为无类别目标或解析失败
2025-07-02 14:03:28,397 - YOLO_DEFAULT - WARNING : XML文件 'src_http___ss2.meipian.me_users_69052113_8fd95720-a2fa-11e9-a432-4d22a2b8aa23.jpg_meipian-raw_bucket_ivwen_key_dXNlcnMvNjkwNTIxMTMvOGZkOTU3MjAtYTJmYS0xMWU5LWE0MzItNGQyMmEyYjhhYTIzLmpwZw___.xml' 未生成有效的Yolo标签，可能为无类别目标或解析失败
2025-07-02 14:03:28,398 - YOLO_DEFAULT - WARNING : XML文件 'hard_hat_workers4010.xml' 未生成有效的Yolo标签，可能为无类别目标或解析失败
2025-07-02 14:03:28,398 - YOLO_DEFAULT - WARNING : XML文件 'hard_hat_workers1786.xml' 未生成有效的Yolo标签，可能为无类别目标或解析失败
2025-07-02 14:03:28,398 - YOLO_DEFAULT - WARNING : XML文件 'helemt_vest_823.xml' 未生成有效的Yolo标签，可能为无类别目标或解析失败
2025-07-02 14:03:28,399 - YOLO_DEFAULT - WARNING : XML文件 'helemt_vest_685.xml' 未生成有效的Yolo标签，可能为无类别目标或解析失败
2025-07-02 14:03:28,400 - YOLO_DEFAULT - WARNING : XML文件 'pos_1346.xml' 未生成有效的Yolo标签，可能为无类别目标或解析失败
2025-07-02 14:03:28,400 - YOLO_DEFAULT - INFO : 从'/home/niuoruo/workspace/yolo/YOLO/yolo_server/data/raw/original_annotations'转换完成，共转换 292 个XML文件为Yolo格式文件，保存在 '/home/niuoruo/workspace/yolo/YOLO/yolo_server/data/raw/yolo_staged_labels'
